<?xml version="1.0" encoding="UTF-8"?>
<!-- Generated by org.testng.reporters.JUnitReportReporter -->
<testsuite skipped="0" hostname="DESKTOP-M42G5V1" name="testNGExample.Test3" tests="3" failures="0" timestamp="26 Feb 2023 13:43:45 GMT" time="11.739" errors="0">
  <testcase name="wikipedia" time="2.493" classname="testNGExample.Test3"/>
  <testcase name="bing" time="4.225" classname="testNGExample.Test3"/>
  <testcase name="Google" time="5.021" classname="testNGExample.Test3"/>
</testsuite> <!-- testNGExample.Test3 -->
