<?xml version="1.0" encoding="UTF-8"?>
<!-- Generated by org.testng.reporters.JUnitReportReporter -->
<testsuite skipped="0" hostname="DESKTOP-M42G5V1" name="testNGExample.AnnotationsExa" tests="2" failures="0" timestamp="26 Feb 2023 15:06:41 GMT" time="0.030" errors="0">
  <testcase name="f" time="0.025" classname="testNGExample.AnnotationsExa"/>
  <testcase name="f1" time="0.005" classname="testNGExample.AnnotationsExa"/>
</testsuite> <!-- testNGExample.AnnotationsExa -->
