<?xml version="1.0" encoding="UTF-8"?>
<!-- Generated by org.testng.reporters.JUnitReportReporter -->
<testsuite skipped="0" hostname="DESKTOP-M42G5V1" name="testNGExample.ParameterizationExampl" tests="2" failures="0" timestamp="26 Feb 2023 14:23:29 GMT" time="8.255" errors="0">
  <testcase name="openbrowser" time="5.495" classname="testNGExample.ParameterizationExampl"/>
  <testcase name="opensite" time="2.760" classname="testNGExample.ParameterizationExampl"/>
</testsuite> <!-- testNGExample.ParameterizationExampl -->
