<?xml version="1.0" encoding="UTF-8"?>
<!-- Generated by org.testng.reporters.JUnitReportReporter -->
<testsuite skipped="0" hostname="DESKTOP-M42G5V1" name="testNGExample.ParallelExmple" tests="8" failures="0" timestamp="26 Feb 2023 14:58:46 GMT" time="547.708" errors="0">
  <testcase name="openBing1" time="46.449" classname="testNGExample.ParallelExmple"/>
  <testcase name="flipkart1" time="90.624" classname="testNGExample.ParallelExmple"/>
  <testcase name="openAmazon1" time="62.596" classname="testNGExample.ParallelExmple"/>
  <testcase name="openBing" time="50.900" classname="testNGExample.ParallelExmple"/>
  <testcase name="openAmazon" time="70.857" classname="testNGExample.ParallelExmple"/>
  <testcase name="openGoogle" time="70.401" classname="testNGExample.ParallelExmple"/>
  <testcase name="openGoogle1" time="67.916" classname="testNGExample.ParallelExmple"/>
  <testcase name="flipkart" time="87.965" classname="testNGExample.ParallelExmple"/>
</testsuite> <!-- testNGExample.ParallelExmple -->
