<?xml version="1.0" encoding="UTF-8"?>
<!-- Generated by org.testng.reporters.JUnitReportReporter -->
<testsuite skipped="0" hostname="DESKTOP-M42G5V1" name="excelReadandWrite.DataProviderExample" tests="4" failures="0" timestamp="26 Feb 2023 16:24:25 GMT" time="15.694" errors="0">
  <testcase name="ornHRM" time="8.441" classname="excelReadandWrite.DataProviderExample"/>
  <testcase name="ornHRM" time="1.834" classname="excelReadandWrite.DataProviderExample"/>
  <testcase name="ornHRM" time="2.527" classname="excelReadandWrite.DataProviderExample"/>
  <testcase name="ornHRM" time="2.892" classname="excelReadandWrite.DataProviderExample"/>
</testsuite> <!-- excelReadandWrite.DataProviderExample -->
