<?xml version="1.0" encoding="UTF-8"?>
<!-- Generated by org.testng.reporters.JUnitReportReporter -->
<testsuite skipped="0" hostname="DESKTOP-M42G5V1" name="testNGExample.Test2" tests="1" failures="0" timestamp="26 Feb 2023 13:43:45 GMT" time="0.025" errors="0">
  <testcase name="highSchool" time="0.025" classname="testNGExample.Test2"/>
</testsuite> <!-- testNGExample.Test2 -->
