<?xml version="1.0" encoding="UTF-8"?>
<!-- Generated by org.testng.reporters.JUnitReportReporter -->
<testsuite skipped="0" hostname="DESKTOP-M42G5V1" name="testNGExample.Groups2" tests="2" failures="0" timestamp="26 Feb 2023 13:50:20 GMT" time="0.062" errors="0">
  <testcase name="two" time="0.012" classname="testNGExample.Groups2"/>
  <testcase name="one" time="0.050" classname="testNGExample.Groups2"/>
</testsuite> <!-- testNGExample.Groups2 -->
