<?xml version="1.0" encoding="UTF-8"?>
<!-- Generated by org.testng.reporters.JUnitReportReporter -->
<testsuite skipped="1" hostname="DESKTOP-M42G5V1" name="testNGExample.Test1" tests="5" failures="0" timestamp="22 Feb 2023 05:25:22 GMT" time="0.057" errors="0">
  <testcase name="startTheCar" time="0.035" classname="testNGExample.Test1"/>
  <testcase name="firstGear" time="0.011" classname="testNGExample.Test1"/>
  <testcase name="secondGear" time="0.005" classname="testNGExample.Test1"/>
  <testcase name="thirdGear" time="0.006" classname="testNGExample.Test1"/>
  <testcase name="music" classname="testNGExample.Test1">
    <skipped/>
  </testcase> <!-- music -->
</testsuite> <!-- testNGExample.Test1 -->
